Filename                                                                                      Regions    Missed Regions     Cover   Functions  Missed Functions  Executed       Lines      Missed Lines     Cover    Branches   Missed Branches     Cover
---------------------------------------------------------------------------------------------------------------------------------------------------------------------------------------------------------------------------------------------------------
home/ghecht/Projects/hven/include/hven/core/detail/aggregate_arity.h                                2                 2     0.00%           2                 2     0.00%          10                10     0.00%           0                 0         -
home/ghecht/Projects/hven/include/hven/core/ledger.h                                                7                 0   100.00%           7                 0   100.00%           7                 0   100.00%           0                 0         -
home/ghecht/Projects/hven/include/hven/core/pattern_hash.h                                         37                 1    97.30%           9                 1    88.89%          74                 8    89.19%          18                 0   100.00%
home/ghecht/Projects/hven/include/hven/core/solver_counters.h                                       6                 1    83.33%           6                 1    83.33%          15                 8    46.67%           0                 0         -
home/ghecht/Projects/hven/include/hven/core/start_level.h                                           1                 0   100.00%           1                 0   100.00%           1                 0   100.00%           0                 0         -
home/ghecht/Projects/hven/include/hven/detail/drivers/assembly_eval_seam.h                          8                 0   100.00%           8                 0   100.00%           8                 0   100.00%           0                 0         -
home/ghecht/Projects/hven/include/hven/detail/globalization/acceptance_strategy.h                   5                 1    80.00%           5                 1    80.00%          20                16    20.00%           0                 0         -
home/ghecht/Projects/hven/include/hven/detail/globalization/backtracking_line_search.h              2                 0   100.00%           2                 0   100.00%           4                 0   100.00%           0                 0         -
home/ghecht/Projects/hven/include/hven/detail/globalization/barrier_governor.h                      4                 0   100.00%           4                 0   100.00%           4                 0   100.00%           0                 0         -
home/ghecht/Projects/hven/include/hven/detail/globalization/classic_adaptive_governor.h             3                 1    66.67%           3                 1    66.67%           5                 1    80.00%           0                 0         -
home/ghecht/Projects/hven/include/hven/detail/globalization/feasibility_switch_recovery.h           3                 1    66.67%           3                 1    66.67%          13                 5    61.54%           0                 0         -
home/ghecht/Projects/hven/include/hven/detail/globalization/filter_acceptance.h                    23                 1    95.65%          15                 1    93.33%          34                 1    97.06%          10                 0   100.00%
home/ghecht/Projects/hven/include/hven/detail/globalization/funnel_acceptance.h                     4                 0   100.00%           4                 0   100.00%           6                 0   100.00%           0                 0         -
home/ghecht/Projects/hven/include/hven/detail/globalization/globalization_mechanism.h               2                 1    50.00%           2                 1    50.00%          20                19     5.00%           0                 0         -
home/ghecht/Projects/hven/include/hven/detail/globalization/inertia_regularization.h                2                 2     0.00%           2                 2     0.00%           6                 6     0.00%           0                 0         -
home/ghecht/Projects/hven/include/hven/detail/globalization/l1_restoration.h                       31                 2    93.55%          31                 2    93.55%          38                 2    94.74%           0                 0         -
home/ghecht/Projects/hven/include/hven/detail/globalization/merit_acceptance.h                      5                 0   100.00%           4                 0   100.00%           7                 0   100.00%           0                 0         -
home/ghecht/Projects/hven/include/hven/detail/globalization/modern_merit.h                         14                 2    85.71%          13                 2    84.62%          21                 2    90.48%           0                 0         -
home/ghecht/Projects/hven/include/hven/detail/globalization/monitored_governor.h                    6                 0   100.00%           6                 0   100.00%           6                 0   100.00%           0                 0         -
home/ghecht/Projects/hven/include/hven/detail/globalization/proximal_restoration.h                 10                 0   100.00%          10                 0   100.00%          10                 0   100.00%           0                 0         -
home/ghecht/Projects/hven/include/hven/detail/globalization/recovery_chain.h                        5                 0   100.00%           3                 0   100.00%           5                 0   100.00%           4                 0   100.00%
home/ghecht/Projects/hven/include/hven/detail/globalization/restoration.h                          27                17    37.04%          21                17    19.05%         139               122    12.23%           4                 0   100.00%
home/ghecht/Projects/hven/include/hven/detail/globalization/soc.h                                  21                21     0.00%           4                 4     0.00%          28                28     0.00%          11                11     0.00%
home/ghecht/Projects/hven/include/hven/detail/globalization/sqp/elastic.h                           1                 0   100.00%           1                 0   100.00%           3                 0   100.00%           0                 0         -
home/ghecht/Projects/hven/include/hven/detail/globalization/sqp/globalization.h                     9                 0   100.00%           6                 0   100.00%          13                 0   100.00%           2                 0   100.00%
home/ghecht/Projects/hven/include/hven/detail/globalization/switching_acceptance.h                  5                 0   100.00%           5                 0   100.00%           8                 0   100.00%           0                 0         -
home/ghecht/Projects/hven/include/hven/detail/globalization/watchdog.h                             47                 6    87.23%          15                 2    86.67%          76                 7    90.79%          24                 6    75.00%
home/ghecht/Projects/hven/include/hven/detail/interior/aggregate_views.h                            8                 0   100.00%           5                 0   100.00%          37                 0   100.00%           2                 0   100.00%
home/ghecht/Projects/hven/include/hven/detail/interior/barrier_math.h                              67                10    85.07%          10                 1    90.00%         132                16    87.88%          40                 7    82.50%
home/ghecht/Projects/hven/include/hven/detail/interior/bound_set.h                                  4                 1    75.00%           2                 1    50.00%           9                 8    11.11%           4                 1    75.00%
home/ghecht/Projects/hven/include/hven/detail/interior/constraint_function.h                        9                 8    11.11%           9                 8    11.11%          35                31    11.43%           0                 0         -
home/ghecht/Projects/hven/include/hven/detail/interior/eval_error_log.h                             3                 3     0.00%           3                 3     0.00%           9                 9     0.00%           0                 0         -
home/ghecht/Projects/hven/include/hven/detail/interior/fixed_variable_row.h                        37                13    64.86%          15                 8    46.67%          90                62    31.11%          14                 5    64.29%
home/ghecht/Projects/hven/include/hven/detail/interior/indexing_data.h                             45                12    73.33%          20                10    50.00%         129                85    34.11%          14                 2    85.71%
home/ghecht/Projects/hven/include/hven/detail/interior/kkt_factorization.h                         12                 1    91.67%          12                 1    91.67%          12                 1    91.67%           0                 0         -
home/ghecht/Projects/hven/include/hven/detail/interior/kkt_vector.h                                99                20    79.80%          42                 0   100.00%          48                 0   100.00%          24                12    50.00%
home/ghecht/Projects/hven/include/hven/detail/interior/objective_function.h                         7                 6    14.29%           7                 6    14.29%          27                23    14.81%           0                 0         -
home/ghecht/Projects/hven/include/hven/detail/interior/sizing_specs.h                               1                 0   100.00%           1                 0   100.00%           1                 0   100.00%           0                 0         -
home/ghecht/Projects/hven/include/hven/detail/interior/solver_function_base.h                       8                 1    87.50%           5                 1    80.00%          29                14    51.72%           2                 0   100.00%
home/ghecht/Projects/hven/include/hven/detail/interior/typedefs/super_scalar_traits.h               3                 3     0.00%           3                 3     0.00%           9                 9     0.00%           0                 0         -
home/ghecht/Projects/hven/include/hven/detail/interior/utils/math_functions.h                       2                 2     0.00%           2                 2     0.00%          25                25     0.00%           0                 0         -
home/ghecht/Projects/hven/include/hven/detail/interior/utils/thread_pool.h                        171                67    60.82%          34                10    70.59%         333               150    54.95%          90                38    57.78%
home/ghecht/Projects/hven/include/hven/detail/interior/utils/timer.h                               26                26     0.00%           5                 5     0.00%          47                47     0.00%          14                14     0.00%
home/ghecht/Projects/hven/include/hven/detail/interior/utils/type_storage.h                        42                 9    78.57%          13                 1    92.31%          73                19    73.97%          22                12    45.45%
home/ghecht/Projects/hven/include/hven/detail/kkt/border_ops.h                                     31                 4    87.10%           3                 0   100.00%          43                14    67.44%          22                 8    63.64%
home/ghecht/Projects/hven/include/hven/detail/kkt/bordered_eqp.h                                   68                 0   100.00%           8                 0   100.00%         158                 0   100.00%          52                 4    92.31%
home/ghecht/Projects/hven/include/hven/detail/kkt/kkt_assembly.h                                   73                 1    98.63%           3                 0   100.00%         118                 4    96.61%          56                 2    96.43%
home/ghecht/Projects/hven/include/hven/detail/kkt/kkt_calls.h                                       3                 0   100.00%           2                 0   100.00%           9                 0   100.00%           0                 0         -
home/ghecht/Projects/hven/include/hven/detail/kkt/schur_complement.h                               93                 4    95.70%          13                 0   100.00%         161                17    89.44%          62                 5    91.94%
home/ghecht/Projects/hven/include/hven/detail/linear/fault_injection.h                              2                 0   100.00%           2                 0   100.00%          36                 0   100.00%           0                 0         -
home/ghecht/Projects/hven/include/hven/detail/linear/pardiso_session.h                             15                 0   100.00%          15                 0   100.00%          15                 0   100.00%           0                 0         -
home/ghecht/Projects/hven/include/hven/detail/linear/session_id.h                                   1                 0   100.00%           1                 0   100.00%           4                 0   100.00%           0                 0         -
home/ghecht/Projects/hven/include/hven/detail/linear/thread_scope.h                                 9                 0   100.00%           2                 0   100.00%          10                 0   100.00%           4                 0   100.00%
home/ghecht/Projects/hven/include/hven/detail/model/claim_restatement.h                            21                10    52.38%          18                 9    50.00%          40                24    40.00%           2                 1    50.00%
home/ghecht/Projects/hven/include/hven/detail/model/nlp_adapter.h                                 147                20    86.39%          43                11    74.42%         230                33    85.65%          82                16    80.49%
home/ghecht/Projects/hven/include/hven/detail/qp/eqp_solve.h                                       25                 0   100.00%           3                 0   100.00%          75                 0   100.00%          22                 1    95.45%
home/ghecht/Projects/hven/include/hven/detail/qp/ipqp_fault_injection.h                             4                 0   100.00%           4                 0   100.00%          37                 0   100.00%           0                 0         -
home/ghecht/Projects/hven/include/hven/detail/qp/ipqp_kkt_layout.h                                 12                 0   100.00%          12                 0   100.00%          18                 0   100.00%           0                 0         -
home/ghecht/Projects/hven/include/hven/detail/qp/ipqp_math.h                                      161                 1    99.38%          12                 0   100.00%         179                 2    98.88%         126                 7    94.44%
home/ghecht/Projects/hven/include/hven/detail/qp/qp_engine.h                                      110                 2    98.18%          22                 0   100.00%         155                 6    96.13%          66                 3    95.45%
home/ghecht/Projects/hven/include/hven/detail/qp/qp_problem.h                                      35                 6    82.86%           4                 0   100.00%          45                18    60.00%          22                 7    68.18%
home/ghecht/Projects/hven/include/hven/detail/qp/ssn_engine.h                                      34                 3    91.18%           8                 1    87.50%          31                 5    83.87%          20                 4    80.00%
home/ghecht/Projects/hven/include/hven/detail/qp/working_set.h                                     27                 0   100.00%          10                 0   100.00%          34                 0   100.00%          16                 1    93.75%
home/ghecht/Projects/hven/include/hven/detail/solvers/solver_interface_specs.h                     68                38    44.12%          62                38    38.71%         205               110    46.34%           0                 0         -
home/ghecht/Projects/hven/include/hven/detail/warmstart/mesh_transfer.h                           100                 1    99.00%           7                 0   100.00%         184                 3    98.37%          72                 3    95.83%
home/ghecht/Projects/hven/include/hven/detail/warmstart/predictor.h                               230                10    95.65%          13                 0   100.00%         531                22    95.86%         194                23    88.14%
home/ghecht/Projects/hven/include/hven/detail/warmstart/warm_start.h                               10                 0   100.00%           1                 0   100.00%          18                 0   100.00%           6                 0   100.00%
home/ghecht/Projects/hven/include/hven/drivers/console_trace_sink.h                                 4                 1    75.00%           4                 1    75.00%           4                 1    75.00%           0                 0         -
home/ghecht/Projects/hven/include/hven/drivers/ipm_solver.h                                        37                 4    89.19%           9                 3    66.67%          57                 9    84.21%          32                10    68.75%
home/ghecht/Projects/hven/include/hven/drivers/ipm_solver_types.h                                   1                 1     0.00%           1                 1     0.00%           1                 1     0.00%           0                 0         -
home/ghecht/Projects/hven/include/hven/drivers/solve_result.h                                       1                 0   100.00%           1                 0   100.00%           1                 0   100.00%           0                 0         -
home/ghecht/Projects/hven/include/hven/drivers/sqp_solver.h                                        22                 1    95.45%           6                 0   100.00%          28                 4    85.71%          12                 3    75.00%
home/ghecht/Projects/hven/include/hven/drivers/trace_writer.h                                       3                 0   100.00%           3                 0   100.00%           3                 0   100.00%           0                 0         -
home/ghecht/Projects/hven/include/hven/linear/symmetric_factor.h                                    2                 0   100.00%           2                 0   100.00%           6                 0   100.00%           0                 0         -
home/ghecht/Projects/hven/include/hven/model/assembly_declaration.h                                 5                 0   100.00%           1                 0   100.00%           1                 0   100.00%           3                 0   100.00%
home/ghecht/Projects/hven/include/hven/model/candidate_point.h                                     68                 2    97.06%          13                 0   100.00%         137                10    92.70%          50                 2    96.00%
home/ghecht/Projects/hven/include/hven/model/claim_space.h                                         85                 9    89.41%          29                 4    86.21%         105                22    79.05%          42                10    76.19%
home/ghecht/Projects/hven/include/hven/model/claim_stream_source.h                                  4                 1    75.00%           2                 1    50.00%           2                 1    50.00%           2                 0   100.00%
home/ghecht/Projects/hven/include/hven/model/nlp_assembly.h                                        64                 6    90.62%          19                 1    94.74%         131                11    91.60%          38                 6    84.21%
home/ghecht/Projects/hven/include/hven/model/nlp_model.h                                           14                 0   100.00%           8                 0   100.00%          20                 0   100.00%           4                 0   100.00%
home/ghecht/Projects/hven/include/hven/model/nlp_model_assembly.h                                  15                 0   100.00%          15                 0   100.00%          27                 0   100.00%           0                 0         -
home/ghecht/Projects/hven/include/hven/model/nlp_problem_model.h                                    9                 2    77.78%           9                 2    77.78%           9                 2    77.78%           0                 0         -
home/ghecht/Projects/hven/include/hven/model/nlp_triplet_model.h                                    3                 0   100.00%           3                 0   100.00%           6                 0   100.00%           0                 0         -
home/ghecht/Projects/hven/include/hven/model/non_linear_program.h                                  94                55    41.49%          81                53    34.57%         300               227    24.33%          10                 3    70.00%
home/ghecht/Projects/hven/include/hven/model/structure_identity.h                                  40                 0   100.00%          17                 0   100.00%          71                 0   100.00%          21                 2    90.48%
home/ghecht/Projects/hven/include/hven/warmstart/ipm_polish_extension.h                             7                 0   100.00%           1                 0   100.00%           1                 0   100.00%           4                 0   100.00%
home/ghecht/Projects/hven/include/hven/warmstart/warm_start_data.h                                 14                 0   100.00%           2                 0   100.00%           2                 0   100.00%           8                 0   100.00%
home/ghecht/Projects/hven/src/core/enum_names.cpp                                                  52                 4    92.31%           6                 0   100.00%         115                 7    93.91%          92                 4    95.65%
home/ghecht/Projects/hven/src/core/ledger.cpp                                                      25                 3    88.00%           4                 0   100.00%          74                 7    90.54%          26                 4    84.62%
home/ghecht/Projects/hven/src/core/pattern_hash.cpp                                                 4                 0   100.00%           1                 0   100.00%          11                 0   100.00%           2                 0   100.00%
home/ghecht/Projects/hven/src/core/version.cpp                                                      1                 0   100.00%           1                 0   100.00%           1                 0   100.00%           0                 0         -
home/ghecht/Projects/hven/src/drivers/assembly_eval_seam.cpp                                      204                14    93.14%          27                 0   100.00%         474                52    89.03%         154                27    82.47%
home/ghecht/Projects/hven/src/drivers/console_trace_sink.cpp                                      189                 4    97.88%          34                 0   100.00%         422                 9    97.87%         132                 8    93.94%
home/ghecht/Projects/hven/src/drivers/ipm_options.cpp                                             144                18    87.50%          11                 0   100.00%         198                29    85.35%         116                21    81.90%
home/ghecht/Projects/hven/src/drivers/ipm_solver.cpp                                             1419               184    87.03%         102                 3    97.06%        2811               364    87.05%        1175               283    75.91%
home/ghecht/Projects/hven/src/drivers/ipm_solver_globalization.cpp                                623               183    70.63%         112                14    87.50%        1539               405    73.68%         416               137    67.07%
home/ghecht/Projects/hven/src/drivers/problem_scaling.cpp                                          41                 1    97.56%           7                 0   100.00%          69                 0   100.00%          24                 1    95.83%
home/ghecht/Projects/hven/src/drivers/solve_result.cpp                                             76                 8    89.47%           3                 0   100.00%          99                33    66.67%          64                20    68.75%
home/ghecht/Projects/hven/src/drivers/solve_status.cpp                                             10                 0   100.00%           1                 0   100.00%          17                 0   100.00%          14                 0   100.00%
home/ghecht/Projects/hven/src/drivers/solver_init.cpp                                               2                 0   100.00%           2                 0   100.00%          21                 0   100.00%           0                 0         -
home/ghecht/Projects/hven/src/drivers/sqp_options.cpp                                             117                 0   100.00%           2                 0   100.00%         182                 0   100.00%          88                 2    97.73%
home/ghecht/Projects/hven/src/drivers/sqp_print.cpp                                                27                 6    77.78%           8                 1    87.50%          70                12    82.86%          26                 9    65.38%
home/ghecht/Projects/hven/src/drivers/sqp_solver.cpp                                             1470                61    95.85%         116                 1    99.14%        3011               168    94.42%        1244               166    86.66%
home/ghecht/Projects/hven/src/drivers/trace.cpp                                                    52                 8    84.62%          14                 0   100.00%          44                11    75.00%          34                15    55.88%
home/ghecht/Projects/hven/src/drivers/trace_writer.cpp                                            386                18    95.34%          60                 0   100.00%         730                18    97.53%         202                20    90.10%
home/ghecht/Projects/hven/src/globalization/sqp/funnel.cpp                                         54                 0   100.00%           3                 0   100.00%          56                 0   100.00%          42                 0   100.00%
home/ghecht/Projects/hven/src/globalization/sqp/soc_elastic_restoration.cpp                       208                 8    96.15%          23                 1    95.65%         311                11    96.46%         132                10    92.42%
home/ghecht/Projects/hven/src/interior/kkt_factorization.cpp                                       38                 2    94.74%          12                 0   100.00%          81                 8    90.12%          14                 2    85.71%
home/ghecht/Projects/hven/src/interior/utils/get_core_count.cpp                                    28                 5    82.14%           7                 2    71.43%         110                12    89.09%          14                 3    78.57%
home/ghecht/Projects/hven/src/interior/utils/thread_pool.cpp                                       10                 1    90.00%           4                 0   100.00%          24                 3    87.50%           2                 0   100.00%
home/ghecht/Projects/hven/src/kkt/kkt_calls.cpp                                                    16                 1    93.75%           5                 0   100.00%          30                 4    86.67%           8                 1    87.50%
home/ghecht/Projects/hven/src/linear/dense_symmetric_factor.cpp                                    82                 4    95.12%          12                 0   100.00%         153                10    93.46%          54                 6    88.89%
home/ghecht/Projects/hven/src/linear/pardiso_session.cpp                                           86                21    75.58%           9                 1    88.89%         165                55    66.67%          72                35    51.39%
home/ghecht/Projects/hven/src/linear/symmetric_factor_mkl.cpp                                     268                39    85.45%          46                 1    97.83%         547               106    80.62%         228                54    76.32%
home/ghecht/Projects/hven/src/model/assembly_declaration.cpp                                       87                 3    96.55%          14                 0   100.00%         165                16    90.30%          68                 9    86.76%
home/ghecht/Projects/hven/src/model/nlp_adapter.cpp                                               151                 9    94.04%          17                 0   100.00%         269                33    87.73%         104                12    88.46%
home/ghecht/Projects/hven/src/model/nlp_model_assembly.cpp                                        176                 6    96.59%          26                 0   100.00%         404                24    94.06%         128                 9    92.97%
home/ghecht/Projects/hven/src/model/nlp_problem_model.cpp                                         236                 2    99.15%          34                 0   100.00%         449                 9    98.00%         194                24    87.63%
home/ghecht/Projects/hven/src/model/non_linear_program.cpp                                        747                57    92.37%         103                 2    98.06%        1954               261    86.64%         576                91    84.20%
home/ghecht/Projects/hven/src/qp/ipqp_engine.cpp                                                 1045                57    94.55%          74                 1    98.65%        2561                77    96.99%         841               110    86.92%
home/ghecht/Projects/hven/src/qp/ipqp_kkt_layout.cpp                                              134                 3    97.76%          11                 0   100.00%         206                16    92.23%          92                15    83.70%
home/ghecht/Projects/hven/src/qp/qp_engine.cpp                                                    938                29    96.91%          61                 0   100.00%        1466                39    97.34%         726                55    92.42%
home/ghecht/Projects/hven/src/qp/ssn_engine.cpp                                                   632                29    95.41%          30                 0   100.00%        1099                79    92.81%         506                37    92.69%
home/ghecht/Projects/hven/src/warmstart/continuation.cpp                                          100                 7    93.00%           3                 0   100.00%         219                27    87.67%          73                12    83.56%
home/ghecht/Projects/hven/src/warmstart/ipm_polish_extension.cpp                                   65                 0   100.00%          16                 0   100.00%         168                 0   100.00%          36                 0   100.00%
home/ghecht/Projects/hven/src/warmstart/warm_start.cpp                                             43                 1    97.67%           1                 0   100.00%          77                 4    94.81%          38                 3    92.11%
home/ghecht/Projects/hven/src/warmstart/warm_start_data.cpp                                        71                 0   100.00%          16                 0   100.00%         172                 0   100.00%          44                 0   100.00%

Files which contain no functions:
opt/intel/oneapi/mkl/latest/include/mkl_lapacke.h                                                   0                 0         -           0                 0         -           0                 0         -           0                 0         -
opt/intel/oneapi/mkl/latest/include/mkl_service.h                                                   0                 0         -           0                 0         -           0                 0         -           0                 0         -
opt/intel/oneapi/mkl/latest/include/mkl_types.h                                                     0                 0         -           0                 0         -           0                 0         -           0                 0         -
---------------------------------------------------------------------------------------------------------------------------------------------------------------------------------------------------------------------------------------------------------
TOTAL                                                                                           12662              1219    90.37%        1912               250    86.92%       25448              3189    87.47%        9150              1434    84.33%
